<?xml version="1.0" encoding="UTF-8"?>
<!-- Generated by org.testng.reporters.JUnitXMLReporter -->
<testsuite hostname="DESKTOP-G7HDG2O" ignored="0" name="BankingApp Test" tests="2" failures="0" timestamp="2022-01-12T16:01:44 IST" time="43.043" errors="0">
  <testcase name="loginTest" time="4.129" classname="com.inetbanking.testCases.TC_LoginTest_001"/>
  <testcase name="addNewCoustmer" time="14.418" classname="com.inetbanking.testCases.TC_AddCoustmerTest_003"/>
</testsuite> <!-- BankingApp Test -->
